
Output from the program FRONTIER (Version 4.1c)


instruction file = eg1.ins     
data file =        EG1.dta     


 Error Components Frontier (see B&C 1992)
 The model is a cost function
 The dependent variable is not logged


the ols estimates are :

                 coefficient     standard-error    t-ratio

  beta 0         0.17166847E+03  0.71477804E+02  0.24017032E+01
  beta 1        -0.34781224E+02  0.48968274E+01 -0.71028078E+01
  beta 2         0.12032676E+01  0.92868030E+00  0.12956748E+01
  beta 3        -0.50785342E+00  0.18790373E+00 -0.27027320E+01
  sigma-squared  0.87208110E+05

log likelihood function =  -0.72115653E+04

the estimates after the grid search were :

  beta 0        -0.17419756E+03
  beta 1        -0.34781224E+02
  beta 2         0.12032676E+01
  beta 3        -0.50785342E+00
  sigma-squared  0.20648774E+06
  gamma          0.91000000E+00
   mu is restricted to be zero
   eta is restricted to be zero
 
 
 iteration =     0  func evals =     20  llf = -0.64911642E+04
    -0.17419756E+03-0.34781224E+02 0.12032676E+01-0.50785342E+00 0.20648774E+06
     0.91000000E+00
 gradient step
 iteration =     5  func evals =     83  llf = -0.64436585E+04
    -0.17449884E+03-0.18590237E+02 0.11901824E+01 0.70664169E+00 0.20648774E+06
     0.92043767E+00
 iteration =    10  func evals =    184  llf = -0.64418807E+04
    -0.17457952E+03-0.13963360E+02 0.16764404E+01 0.29296785E+00 0.20648774E+06
     0.91952508E+00
 iteration =    11  func evals =    187  llf = -0.64418807E+04
    -0.17457952E+03-0.13963360E+02 0.16764404E+01 0.29296785E+00 0.20648774E+06
     0.91952508E+00


the final mle estimates are :

                 coefficient     standard-error    t-ratio

  beta 0        -0.17457952E+03  0.10161689E+01 -0.17180168E+03
  beta 1        -0.13963360E+02  0.37572192E+01 -0.37164081E+01
  beta 2         0.16764404E+01  0.38745506E+00  0.43267995E+01
  beta 3         0.29296785E+00  0.23377915E+00  0.12531821E+01
  sigma-squared  0.20648774E+06  0.10001170E+01  0.20646359E+06
  gamma          0.91952508E+00  0.36138267E-02  0.25444637E+03
   mu is restricted to be zero
   eta is restricted to be zero

log likelihood function =  -0.64418807E+04

LR test of the one-sided error =   0.15393692E+04
with number of restrictions = 1
 [note that this statistic has a mixed chi-square distribution]

number of iterations =     11

(maximum number of iterations set at :   100)

number of cross-sections =     35

number of time periods =     29

total number of observations =   1015

thus there are:      0  obsns not in the panel


covariance matrix :

  0.10325992E+01  0.11668877E-01 -0.49767265E-01  0.32188396E-01  0.26202758E-02
  0.29796470E-03
  0.11668877E-01  0.14116696E+02  0.66429440E-01 -0.41249752E+00  0.18815538E-01
  0.23901880E-03
 -0.49767265E-01  0.66429440E-01  0.15012142E+00 -0.65266573E-01 -0.29386052E-02
 -0.13330681E-04
  0.32188396E-01 -0.41249752E+00 -0.65266573E-01  0.54652691E-01  0.20457172E-02
  0.36313326E-05
  0.26202758E-02  0.18815538E-01 -0.29386052E-02  0.20457172E-02  0.10002340E+01
  0.23738686E-04
  0.29796470E-03  0.23901880E-03 -0.13330681E-04  0.36313326E-05  0.23738686E-04
  0.13059744E-04



cost efficiency estimates :


     firm             eff.-est.

       1           0.10000000E+01
       2           0.10000000E+01
       3           0.10000000E+01
       4           0.10000000E+01
       5           0.10000000E+01
       6           0.10000000E+01
       7           0.10000000E+01
       8           0.10000000E+01
       9           0.10000000E+01
      10           0.10000000E+01
      11           0.10000000E+01
      12           0.10000000E+01
      13           0.10000000E+01
      14           0.10000000E+01
      15           0.10000000E+01
      16           0.10000000E+01
      17           0.10000000E+01
      18           0.10000000E+01
      19           0.10000000E+01
      20           0.10000000E+01
      21           0.10000000E+01
      22           0.10000000E+01
      23           0.10000000E+01
      24           0.10000000E+01
      25           0.10000000E+01
      26           0.10000000E+01
      27           0.10000000E+01
      28           0.10000000E+01
      29           0.10000000E+01
      30           0.10000000E+01
      31           0.10000000E+01
      32           0.10000000E+01
      33           0.10000000E+01
      34           0.10000000E+01
      35           0.10000000E+01


 mean efficiency =   0.10000000E+01







summary of panel of observations:
(1 = observed, 0 = not observed)

  t:   1   2   3   4   5   6   7   8   9  10  11  12  13  14  15  16  17  18  19  20  21  22  23  24  25  26  27  28  29
   n
   1   1   1   1   1   1   1   1   1   1   1   1   1   1   1   1   1   1   1   1   1   1   1   1   1   1   1   1   1   1  29
   2   1   1   1   1   1   1   1   1   1   1   1   1   1   1   1   1   1   1   1   1   1   1   1   1   1   1   1   1   1  29
   3   1   1   1   1   1   1   1   1   1   1   1   1   1   1   1   1   1   1   1   1   1   1   1   1   1   1   1   1   1  29
   4   1   1   1   1   1   1   1   1   1   1   1   1   1   1   1   1   1   1   1   1   1   1   1   1   1   1   1   1   1  29
   5   1   1   1   1   1   1   1   1   1   1   1   1   1   1   1   1   1   1   1   1   1   1   1   1   1   1   1   1   1  29
   6   1   1   1   1   1   1   1   1   1   1   1   1   1   1   1   1   1   1   1   1   1   1   1   1   1   1   1   1   1  29
   7   1   1   1   1   1   1   1   1   1   1   1   1   1   1   1   1   1   1   1   1   1   1   1   1   1   1   1   1   1  29
   8   1   1   1   1   1   1   1   1   1   1   1   1   1   1   1   1   1   1   1   1   1   1   1   1   1   1   1   1   1  29
   9   1   1   1   1   1   1   1   1   1   1   1   1   1   1   1   1   1   1   1   1   1   1   1   1   1   1   1   1   1  29
  10   1   1   1   1   1   1   1   1   1   1   1   1   1   1   1   1   1   1   1   1   1   1   1   1   1   1   1   1   1  29
  11   1   1   1   1   1   1   1   1   1   1   1   1   1   1   1   1   1   1   1   1   1   1   1   1   1   1   1   1   1  29
  12   1   1   1   1   1   1   1   1   1   1   1   1   1   1   1   1   1   1   1   1   1   1   1   1   1   1   1   1   1  29
  13   1   1   1   1   1   1   1   1   1   1   1   1   1   1   1   1   1   1   1   1   1   1   1   1   1   1   1   1   1  29
  14   1   1   1   1   1   1   1   1   1   1   1   1   1   1   1   1   1   1   1   1   1   1   1   1   1   1   1   1   1  29
  15   1   1   1   1   1   1   1   1   1   1   1   1   1   1   1   1   1   1   1   1   1   1   1   1   1   1   1   1   1  29
  16   1   1   1   1   1   1   1   1   1   1   1   1   1   1   1   1   1   1   1   1   1   1   1   1   1   1   1   1   1  29
  17   1   1   1   1   1   1   1   1   1   1   1   1   1   1   1   1   1   1   1   1   1   1   1   1   1   1   1   1   1  29
  18   1   1   1   1   1   1   1   1   1   1   1   1   1   1   1   1   1   1   1   1   1   1   1   1   1   1   1   1   1  29
  19   1   1   1   1   1   1   1   1   1   1   1   1   1   1   1   1   1   1   1   1   1   1   1   1   1   1   1   1   1  29
  20   1   1   1   1   1   1   1   1   1   1   1   1   1   1   1   1   1   1   1   1   1   1   1   1   1   1   1   1   1  29
  21   1   1   1   1   1   1   1   1   1   1   1   1   1   1   1   1   1   1   1   1   1   1   1   1   1   1   1   1   1  29
  22   1   1   1   1   1   1   1   1   1   1   1   1   1   1   1   1   1   1   1   1   1   1   1   1   1   1   1   1   1  29
  23   1   1   1   1   1   1   1   1   1   1   1   1   1   1   1   1   1   1   1   1   1   1   1   1   1   1   1   1   1  29
  24   1   1   1   1   1   1   1   1   1   1   1   1   1   1   1   1   1   1   1   1   1   1   1   1   1   1   1   1   1  29
  25   1   1   1   1   1   1   1   1   1   1   1   1   1   1   1   1   1   1   1   1   1   1   1   1   1   1   1   1   1  29
  26   1   1   1   1   1   1   1   1   1   1   1   1   1   1   1   1   1   1   1   1   1   1   1   1   1   1   1   1   1  29
  27   1   1   1   1   1   1   1   1   1   1   1   1   1   1   1   1   1   1   1   1   1   1   1   1   1   1   1   1   1  29
  28   1   1   1   1   1   1   1   1   1   1   1   1   1   1   1   1   1   1   1   1   1   1   1   1   1   1   1   1   1  29
  29   1   1   1   1   1   1   1   1   1   1   1   1   1   1   1   1   1   1   1   1   1   1   1   1   1   1   1   1   1  29
  30   1   1   1   1   1   1   1   1   1   1   1   1   1   1   1   1   1   1   1   1   1   1   1   1   1   1   1   1   1  29
  31   1   1   1   1   1   1   1   1   1   1   1   1   1   1   1   1   1   1   1   1   1   1   1   1   1   1   1   1   1  29
  32   1   1   1   1   1   1   1   1   1   1   1   1   1   1   1   1   1   1   1   1   1   1   1   1   1   1   1   1   1  29
  33   1   1   1   1   1   1   1   1   1   1   1   1   1   1   1   1   1   1   1   1   1   1   1   1   1   1   1   1   1  29
  34   1   1   1   1   1   1   1   1   1   1   1   1   1   1   1   1   1   1   1   1   1   1   1   1   1   1   1   1   1  29
  35   1   1   1   1   1   1   1   1   1   1   1   1   1   1   1   1   1   1   1   1   1   1   1   1   1   1   1   1   1  29

      35  35  35  35  35  35  35  35  35  35  35  35  35  35  35  35  35  35  35  35  35  35  35  35  35  35  35  35  351015





