
Output from the program FRONTIER (Version 4.1c)


instruction file = eg1.ins     
data file =        EG1.dta     


 Error Components Frontier (see B&C 1992)
 The model is a cost function
 The dependent variable is not logged


the ols estimates are :

                 coefficient     standard-error    t-ratio

  beta 0         0.32554567E+01  0.26230453E+01  0.12410982E+01
  beta 1         0.76711251E+00  0.17970055E+00  0.42688379E+01
  beta 2        -0.40056207E-01  0.34080098E-01 -0.11753548E+01
  beta 3        -0.17723764E-01  0.68955672E-02 -0.25703128E+01
  sigma-squared  0.11744271E+03

log likelihood function =  -0.38569386E+04

the estimates after the grid search were :

  beta 0         0.12943326E+01
  beta 1         0.76711251E+00
  beta 2        -0.40056207E-01
  beta 3        -0.17723764E-01
  sigma-squared  0.12082589E+03
  gamma          0.50000000E-01
   mu is restricted to be zero
  eta            0.00000000E+00
 
 
 iteration =     0  func evals =     20  llf = -0.38554202E+04
     0.12943326E+01 0.76711251E+00-0.40056207E-01-0.17723764E-01 0.12082589E+03
     0.50000000E-01 0.00000000E+00
 gradient step
 iteration =     5  func evals =     42  llf = -0.38235170E+04
     0.13132225E+01 0.32385202E+00 0.27567957E-02-0.38047477E-01 0.12084448E+03
     0.34202595E+00-0.32755149E+00
 iteration =    10  func evals =    103  llf = -0.36694300E+04
     0.60749732E+01 0.25955128E+00-0.68811327E-01-0.14954311E-01 0.16449386E+03
     0.63299158E+00-0.15105185E+01
 iteration =    15  func evals =    216  llf = -0.35624378E+04
     0.24572684E+01 0.35756379E+00-0.29302654E-01-0.10185295E-01 0.31225100E+03
     0.85797657E+00-0.45637464E+01
 iteration =    20  func evals =    327  llf = -0.35101065E+04
     0.27377750E+01 0.44854131E+00-0.37409232E-01-0.98595928E-02 0.73474560E+03
     0.93699844E+00-0.12720806E+02
 iteration =    25  func evals =    438  llf = -0.34974053E+04
     0.21957453E+01 0.43133676E+00-0.28851381E-01-0.94499476E-02 0.12843255E+04
     0.96065460E+00-0.23262052E+02
 iteration =    30  func evals =    532  llf = -0.34953418E+04
     0.25308654E+01 0.42697548E+00-0.34014868E-01-0.94981931E-02 0.19962782E+04
     0.97460394E+00-0.36895835E+02
 search failed. loc of min limited by rounding
 iteration =    35  func evals =    618  llf = -0.34953374E+04
     0.23783976E+01 0.42329037E+00-0.32146022E-01-0.92865037E-02 0.19984531E+04
     0.97459674E+00-0.36937200E+02


the final mle estimates are :

                 coefficient     standard-error    t-ratio

  beta 0         0.23783976E+01  0.17339709E+01  0.13716479E+01
  beta 1         0.42329037E+00  0.11367319E+00  0.37237486E+01
  beta 2        -0.32146022E-01  0.22440807E-01 -0.14324806E+01
  beta 3        -0.92865037E-02  0.45638189E-02 -0.20348099E+01
  sigma-squared  0.19984531E+04  0.46661762E+03  0.42828496E+01
  gamma          0.97459674E+00  0.60787083E-02  0.16032958E+03
   mu is restricted to be zero
  eta           -0.36937200E+02  0.89345742E+01 -0.41341870E+01

log likelihood function =  -0.34953374E+04

LR test of the one-sided error =   0.72320239E+03
with number of restrictions = 2
 [note that this statistic has a mixed chi-square distribution]

number of iterations =     35

(maximum number of iterations set at :   100)

number of cross-sections =     35

number of time periods =     29

total number of observations =   1015

thus there are:      0  obsns not in the panel


covariance matrix :

  0.30066550E+01  0.68575814E-01 -0.37484249E-01 -0.33820934E-02 -0.80091091E+01
 -0.11804441E-03  0.14871281E+00
  0.68575814E-01  0.12921594E-01 -0.11637772E-02 -0.24625021E-03 -0.88596674E+00
 -0.11429240E-04  0.16995694E-01
 -0.37484249E-01 -0.11637772E-02  0.50358982E-03  0.29549480E-04  0.13948304E+00
  0.19174855E-05 -0.26478588E-02
 -0.33820934E-02 -0.24625021E-03  0.29549480E-04  0.20828443E-04  0.70986541E-01
  0.91288016E-06 -0.13456140E-02
 -0.80091091E+01 -0.88596674E+00  0.13948304E+00  0.70986541E-01  0.21773200E+06
  0.27846909E+01 -0.41690106E+04
 -0.11804441E-03 -0.11429240E-04  0.19174855E-05  0.91288016E-06  0.27846909E+01
  0.36950695E-04 -0.53320784E-01
  0.14871281E+00  0.16995694E-01 -0.26478588E-02 -0.13456140E-02 -0.41690106E+04
 -0.53320784E-01  0.79826616E+02



cost efficiency estimates :



efficiency estimates for year      1 :

     firm             eff.-est.

       1           0.10000000E+01
       2           0.10000000E+01
       3           0.10000000E+01
       4           0.10000000E+01
       5           0.10000000E+01
       6           0.10000000E+01
       7           0.10000000E+01
       8           0.10000000E+01
       9           0.10000000E+01
      10           0.10000000E+01
      11           0.10000000E+01
      12           0.10000000E+01
      13           0.10000000E+01
      14           0.10000000E+01
      15           0.10000000E+01
      16           0.10000000E+01
      17           0.10000000E+01
      18           0.10000000E+01
      19           0.10000000E+01
      20           0.10000000E+01
      21           0.10000000E+01
      22           0.10000000E+01
      23           0.10000000E+01
      24           0.10000000E+01
      25           0.10000000E+01
      26           0.10000000E+01
      27           0.10000000E+01
      28           0.10000000E+01
      29           0.10000000E+01
      30           0.10000000E+01
      31           0.10000000E+01
      32           0.10000000E+01
      33           0.10000000E+01
      34           0.10000000E+01
      35           0.10000000E+01


 mean eff. in year   1 =  0.10000000E+01




efficiency estimates for year      2 :

     firm             eff.-est.

       1           0.10000000E+01
       2           0.10000000E+01
       3           0.10000000E+01
       4           0.10000000E+01
       5           0.10000000E+01
       6           0.10000000E+01
       7           0.10000000E+01
       8           0.10000000E+01
       9           0.10000000E+01
      10           0.10000000E+01
      11           0.10000000E+01
      12           0.10000000E+01
      13           0.10000000E+01
      14           0.10000000E+01
      15           0.10000000E+01
      16           0.10000000E+01
      17           0.10000000E+01
      18           0.10000000E+01
      19           0.10000000E+01
      20           0.10000000E+01
      21           0.10000000E+01
      22           0.10000000E+01
      23           0.10000000E+01
      24           0.10000000E+01
      25           0.10000000E+01
      26           0.10000000E+01
      27           0.10000000E+01
      28           0.10000000E+01
      29           0.10000000E+01
      30           0.10000000E+01
      31           0.10000000E+01
      32           0.10000000E+01
      33           0.10000000E+01
      34           0.10000000E+01
      35           0.10000000E+01


 mean eff. in year   2 =  0.10000000E+01




efficiency estimates for year      3 :

     firm             eff.-est.

       1           0.10000000E+01
       2           0.10000000E+01
       3           0.10000000E+01
       4           0.10000000E+01
       5           0.10000000E+01
       6           0.10000000E+01
       7           0.10000000E+01
       8           0.10000000E+01
       9           0.10000000E+01
      10           0.10000000E+01
      11           0.10000000E+01
      12           0.10000000E+01
      13           0.10000000E+01
      14           0.10000000E+01
      15           0.10000000E+01
      16           0.10000000E+01
      17           0.10000000E+01
      18           0.10000000E+01
      19           0.10000000E+01
      20           0.10000000E+01
      21           0.10000000E+01
      22           0.10000000E+01
      23           0.10000000E+01
      24           0.10000000E+01
      25           0.10000000E+01
      26           0.10000000E+01
      27           0.10000000E+01
      28           0.10000000E+01
      29           0.10000000E+01
      30           0.10000000E+01
      31           0.10000000E+01
      32           0.10000000E+01
      33           0.10000000E+01
      34           0.10000000E+01
      35           0.10000000E+01


 mean eff. in year   3 =  0.10000000E+01




efficiency estimates for year      4 :

     firm             eff.-est.

       1           0.10000000E+01
       2           0.10000000E+01
       3           0.10000000E+01
       4           0.10000000E+01
       5           0.10000000E+01
       6           0.10000000E+01
       7           0.10000000E+01
       8           0.10000000E+01
       9           0.10000000E+01
      10           0.10000000E+01
      11           0.10000000E+01
      12           0.10000000E+01
      13           0.10000000E+01
      14           0.10000000E+01
      15           0.10000000E+01
      16           0.10000000E+01
      17           0.10000000E+01
      18           0.10000000E+01
      19           0.10000000E+01
      20           0.10000000E+01
      21           0.10000000E+01
      22           0.10000000E+01
      23           0.10000000E+01
      24           0.10000000E+01
      25           0.10000000E+01
      26           0.10000000E+01
      27           0.10000000E+01
      28           0.10000000E+01
      29           0.10000000E+01
      30           0.10000000E+01
      31           0.10000000E+01
      32           0.10000000E+01
      33           0.10000000E+01
      34           0.10000000E+01
      35           0.10000000E+01


 mean eff. in year   4 =  0.10000000E+01




efficiency estimates for year      5 :

     firm             eff.-est.

       1           0.10000000E+01
       2           0.10000000E+01
       3           0.10000000E+01
       4           0.10000000E+01
       5           0.10000000E+01
       6           0.10000000E+01
       7           0.10000000E+01
       8           0.10000000E+01
       9           0.10000000E+01
      10           0.10000000E+01
      11           0.10000000E+01
      12           0.10000000E+01
      13           0.10000000E+01
      14           0.10000000E+01
      15           0.10000000E+01
      16           0.10000000E+01
      17           0.10000000E+01
      18           0.10000000E+01
      19           0.10000000E+01
      20           0.10000000E+01
      21           0.10000000E+01
      22           0.10000000E+01
      23           0.10000000E+01
      24           0.10000000E+01
      25           0.10000000E+01
      26           0.10000000E+01
      27           0.10000000E+01
      28           0.10000000E+01
      29           0.10000000E+01
      30           0.10000000E+01
      31           0.10000000E+01
      32           0.10000000E+01
      33           0.10000000E+01
      34           0.10000000E+01
      35           0.10000000E+01


 mean eff. in year   5 =  0.10000000E+01




efficiency estimates for year      6 :

     firm             eff.-est.

       1           0.10000000E+01
       2           0.10000000E+01
       3           0.10000000E+01
       4           0.10000000E+01
       5           0.10000000E+01
       6           0.10000000E+01
       7           0.10000000E+01
       8           0.10000000E+01
       9           0.10000000E+01
      10           0.10000000E+01
      11           0.10000000E+01
      12           0.10000000E+01
      13           0.10000000E+01
      14           0.10000000E+01
      15           0.10000000E+01
      16           0.10000000E+01
      17           0.10000000E+01
      18           0.10000000E+01
      19           0.10000000E+01
      20           0.10000000E+01
      21           0.10000000E+01
      22           0.10000000E+01
      23           0.10000000E+01
      24           0.10000000E+01
      25           0.10000000E+01
      26           0.10000000E+01
      27           0.10000000E+01
      28           0.10000000E+01
      29           0.10000000E+01
      30           0.10000000E+01
      31           0.10000000E+01
      32           0.10000000E+01
      33           0.10000000E+01
      34           0.10000000E+01
      35           0.10000000E+01


 mean eff. in year   6 =  0.10000000E+01




efficiency estimates for year      7 :

     firm             eff.-est.

       1           0.10000000E+01
       2           0.10000000E+01
       3           0.10000000E+01
       4           0.10000000E+01
       5           0.10000000E+01
       6           0.10000000E+01
       7           0.10000000E+01
       8           0.10000000E+01
       9           0.10000000E+01
      10           0.10000000E+01
      11           0.10000000E+01
      12           0.10000000E+01
      13           0.10000000E+01
      14           0.10000000E+01
      15           0.10000000E+01
      16           0.10000000E+01
      17           0.10000000E+01
      18           0.10000000E+01
      19           0.10000000E+01
      20           0.10000000E+01
      21           0.10000000E+01
      22           0.10000000E+01
      23           0.10000000E+01
      24           0.10000000E+01
      25           0.10000000E+01
      26           0.10000000E+01
      27           0.10000000E+01
      28           0.10000000E+01
      29           0.10000000E+01
      30           0.10000000E+01
      31           0.10000000E+01
      32           0.10000000E+01
      33           0.10000000E+01
      34           0.10000000E+01
      35           0.10000000E+01


 mean eff. in year   7 =  0.10000000E+01




efficiency estimates for year      8 :

     firm             eff.-est.

       1           0.10000000E+01
       2           0.10000000E+01
       3           0.10000000E+01
       4           0.10000000E+01
       5           0.10000000E+01
       6           0.10000000E+01
       7           0.10000000E+01
       8           0.10000000E+01
       9           0.10000000E+01
      10           0.10000000E+01
      11           0.10000000E+01
      12           0.10000000E+01
      13           0.10000000E+01
      14           0.10000000E+01
      15           0.10000000E+01
      16           0.10000000E+01
      17           0.10000000E+01
      18           0.10000000E+01
      19           0.10000000E+01
      20           0.10000000E+01
      21           0.10000000E+01
      22           0.10000000E+01
      23           0.10000000E+01
      24           0.10000000E+01
      25           0.10000000E+01
      26           0.10000000E+01
      27           0.10000000E+01
      28           0.10000000E+01
      29           0.10000000E+01
      30           0.10000000E+01
      31           0.10000000E+01
      32           0.10000000E+01
      33           0.10000000E+01
      34           0.10000000E+01
      35           0.10000000E+01


 mean eff. in year   8 =  0.10000000E+01




efficiency estimates for year      9 :

     firm             eff.-est.

       1           0.10000000E+01
       2           0.10000000E+01
       3           0.10000000E+01
       4           0.10000000E+01
       5           0.10000000E+01
       6           0.10000000E+01
       7           0.10000000E+01
       8           0.10000000E+01
       9           0.10000000E+01
      10           0.10000000E+01
      11           0.10000000E+01
      12           0.10000000E+01
      13           0.10000000E+01
      14           0.10000000E+01
      15           0.10000000E+01
      16           0.10000000E+01
      17           0.10000000E+01
      18           0.10000000E+01
      19           0.10000000E+01
      20           0.10000000E+01
      21           0.10000000E+01
      22           0.10000000E+01
      23           0.10000000E+01
      24           0.10000000E+01
      25           0.10000000E+01
      26           0.10000000E+01
      27           0.10000000E+01
      28           0.10000000E+01
      29           0.10000000E+01
      30           0.10000000E+01
      31           0.10000000E+01
      32           0.10000000E+01
      33           0.10000000E+01
      34           0.10000000E+01
      35           0.10000000E+01


 mean eff. in year   9 =  0.10000000E+01




efficiency estimates for year     10 :

     firm             eff.-est.

       1           0.10000000E+01
       2           0.10000000E+01
       3           0.10000000E+01
       4           0.10000000E+01
       5           0.10000000E+01
       6           0.10000000E+01
       7           0.10000000E+01
       8           0.10000000E+01
       9           0.10000000E+01
      10           0.10000000E+01
      11           0.10000000E+01
      12           0.10000000E+01
      13           0.10000000E+01
      14           0.10000000E+01
      15           0.10000000E+01
      16           0.10000000E+01
      17           0.10000000E+01
      18           0.10000000E+01
      19           0.10000000E+01
      20           0.10000000E+01
      21           0.10000000E+01
      22           0.10000000E+01
      23           0.10000000E+01
      24           0.10000000E+01
      25           0.10000000E+01
      26           0.10000000E+01
      27           0.10000000E+01
      28           0.10000000E+01
      29           0.10000000E+01
      30           0.10000000E+01
      31           0.10000000E+01
      32           0.10000000E+01
      33           0.10000000E+01
      34           0.10000000E+01
      35           0.10000000E+01


 mean eff. in year  10 =  0.10000000E+01




efficiency estimates for year     11 :

     firm             eff.-est.

       1           0.10000000E+01
       2           0.10000000E+01
       3           0.10000000E+01
       4           0.10000000E+01
       5           0.10000000E+01
       6           0.10000000E+01
       7           0.10000000E+01
       8           0.10000000E+01
       9           0.10000000E+01
      10           0.10000000E+01
      11           0.10000000E+01
      12           0.10000000E+01
      13           0.10000000E+01
      14           0.10000000E+01
      15           0.10000000E+01
      16           0.10000000E+01
      17           0.10000000E+01
      18           0.10000000E+01
      19           0.10000000E+01
      20           0.10000000E+01
      21           0.10000000E+01
      22           0.10000000E+01
      23           0.10000000E+01
      24           0.10000000E+01
      25           0.10000000E+01
      26           0.10000000E+01
      27           0.10000000E+01
      28           0.10000000E+01
      29           0.10000000E+01
      30           0.10000000E+01
      31           0.10000000E+01
      32           0.10000000E+01
      33           0.10000000E+01
      34           0.10000000E+01
      35           0.10000000E+01


 mean eff. in year  11 =  0.10000000E+01




efficiency estimates for year     12 :

     firm             eff.-est.

       1           0.10000000E+01
       2           0.10000000E+01
       3           0.10000000E+01
       4           0.10000000E+01
       5           0.10000000E+01
       6           0.10000000E+01
       7           0.10000000E+01
       8           0.10000000E+01
       9           0.10000000E+01
      10           0.10000000E+01
      11           0.10000000E+01
      12           0.10000000E+01
      13           0.10000000E+01
      14           0.10000000E+01
      15           0.10000000E+01
      16           0.10000000E+01
      17           0.10000000E+01
      18           0.10000000E+01
      19           0.10000000E+01
      20           0.10000000E+01
      21           0.10000000E+01
      22           0.10000000E+01
      23           0.10000000E+01
      24           0.10000000E+01
      25           0.10000000E+01
      26           0.10000000E+01
      27           0.10000000E+01
      28           0.10000000E+01
      29           0.10000000E+01
      30           0.10000000E+01
      31           0.10000000E+01
      32           0.10000000E+01
      33           0.10000000E+01
      34           0.10000000E+01
      35           0.10000000E+01


 mean eff. in year  12 =  0.10000000E+01




efficiency estimates for year     13 :

     firm             eff.-est.

       1           0.10000000E+01
       2           0.10000000E+01
       3           0.10000000E+01
       4           0.10000000E+01
       5           0.10000000E+01
       6           0.10000000E+01
       7           0.10000000E+01
       8           0.10000000E+01
       9           0.10000000E+01
      10           0.10000000E+01
      11           0.10000000E+01
      12           0.10000000E+01
      13           0.10000000E+01
      14           0.10000000E+01
      15           0.10000000E+01
      16           0.10000000E+01
      17           0.10000000E+01
      18           0.10000000E+01
      19           0.10000000E+01
      20           0.10000000E+01
      21           0.10000000E+01
      22           0.10000000E+01
      23           0.10000000E+01
      24           0.10000000E+01
      25           0.10000000E+01
      26           0.10000000E+01
      27           0.10000000E+01
      28           0.10000000E+01
      29           0.10000000E+01
      30           0.10000000E+01
      31           0.10000000E+01
      32           0.10000000E+01
      33           0.10000000E+01
      34           0.10000000E+01
      35           0.10000000E+01


 mean eff. in year  13 =  0.10000000E+01




efficiency estimates for year     14 :

     firm             eff.-est.

       1           0.10000000E+01
       2           0.10000000E+01
       3           0.10000000E+01
       4           0.10000000E+01
       5           0.10000000E+01
       6           0.10000000E+01
       7           0.10000000E+01
       8           0.10000000E+01
       9           0.10000000E+01
      10           0.10000000E+01
      11           0.10000000E+01
      12           0.10000000E+01
      13           0.10000000E+01
      14           0.10000000E+01
      15           0.10000000E+01
      16           0.10000000E+01
      17           0.10000000E+01
      18           0.10000000E+01
      19           0.10000000E+01
      20           0.10000000E+01
      21           0.10000000E+01
      22           0.10000000E+01
      23           0.10000000E+01
      24           0.10000000E+01
      25           0.10000000E+01
      26           0.10000000E+01
      27           0.10000000E+01
      28           0.10000000E+01
      29           0.10000000E+01
      30           0.10000000E+01
      31           0.10000000E+01
      32           0.10000000E+01
      33           0.10000000E+01
      34           0.10000000E+01
      35           0.10000000E+01


 mean eff. in year  14 =  0.10000000E+01




efficiency estimates for year     15 :

     firm             eff.-est.

       1           0.10000000E+01
       2           0.10000000E+01
       3           0.10000000E+01
       4           0.10000000E+01
       5           0.10000000E+01
       6           0.10000000E+01
       7           0.10000000E+01
       8           0.10000000E+01
       9           0.10000000E+01
      10           0.10000000E+01
      11           0.10000000E+01
      12           0.10000000E+01
      13           0.10000000E+01
      14           0.10000000E+01
      15           0.10000000E+01
      16           0.10000000E+01
      17           0.10000000E+01
      18           0.10000000E+01
      19           0.10000000E+01
      20           0.10000000E+01
      21           0.10000000E+01
      22           0.10000000E+01
      23           0.10000000E+01
      24           0.10000000E+01
      25           0.10000000E+01
      26           0.10000000E+01
      27           0.10000000E+01
      28           0.10000000E+01
      29           0.10000000E+01
      30           0.10000000E+01
      31           0.10000000E+01
      32           0.10000000E+01
      33           0.10000000E+01
      34           0.10000000E+01
      35           0.10000000E+01


 mean eff. in year  15 =  0.10000000E+01




efficiency estimates for year     16 :

     firm             eff.-est.

       1           0.10000000E+01
       2           0.10000000E+01
       3           0.10000000E+01
       4           0.10000000E+01
       5           0.10000000E+01
       6           0.10000000E+01
       7           0.10000000E+01
       8           0.10000000E+01
       9           0.10000000E+01
      10           0.10000000E+01
      11           0.10000000E+01
      12           0.10000000E+01
      13           0.10000000E+01
      14           0.10000000E+01
      15           0.10000000E+01
      16           0.10000000E+01
      17           0.10000000E+01
      18           0.10000000E+01
      19           0.10000000E+01
      20           0.10000000E+01
      21           0.10000000E+01
      22           0.10000000E+01
      23           0.10000000E+01
      24           0.10000000E+01
      25           0.10000000E+01
      26           0.10000000E+01
      27           0.10000000E+01
      28           0.10000000E+01
      29           0.10000000E+01
      30           0.10000000E+01
      31           0.10000000E+01
      32           0.10000000E+01
      33           0.10000000E+01
      34           0.10000000E+01
      35           0.10000000E+01


 mean eff. in year  16 =  0.10000000E+01




efficiency estimates for year     17 :

     firm             eff.-est.

       1           0.10000000E+01
       2           0.10000000E+01
       3           0.10000000E+01
       4           0.10000000E+01
       5           0.10000000E+01
       6           0.10000000E+01
       7           0.10000000E+01
       8           0.10000000E+01
       9           0.10000000E+01
      10           0.10000000E+01
      11           0.10000000E+01
      12           0.10000000E+01
      13           0.10000000E+01
      14           0.10000000E+01
      15           0.10000000E+01
      16           0.10000000E+01
      17           0.10000000E+01
      18           0.10000000E+01
      19           0.10000000E+01
      20           0.10000000E+01
      21           0.10000000E+01
      22           0.10000000E+01
      23           0.10000000E+01
      24           0.10000000E+01
      25           0.10000000E+01
      26           0.10000000E+01
      27           0.10000000E+01
      28           0.10000000E+01
      29           0.10000000E+01
      30           0.10000000E+01
      31           0.10000000E+01
      32           0.10000000E+01
      33           0.10000000E+01
      34           0.10000000E+01
      35           0.10000000E+01


 mean eff. in year  17 =  0.10000000E+01




efficiency estimates for year     18 :

     firm             eff.-est.

       1           0.10000000E+01
       2           0.10000000E+01
       3           0.10000000E+01
       4           0.10000000E+01
       5           0.10000000E+01
       6           0.10000000E+01
       7           0.10000000E+01
       8           0.10000000E+01
       9           0.10000000E+01
      10           0.10000000E+01
      11           0.10000000E+01
      12           0.10000000E+01
      13           0.10000000E+01
      14           0.10000000E+01
      15           0.10000000E+01
      16           0.10000000E+01
      17           0.10000000E+01
      18           0.10000000E+01
      19           0.10000000E+01
      20           0.10000000E+01
      21           0.10000000E+01
      22           0.10000000E+01
      23           0.10000000E+01
      24           0.10000000E+01
      25           0.10000000E+01
      26           0.10000000E+01
      27           0.10000000E+01
      28           0.10000000E+01
      29           0.10000000E+01
      30           0.10000000E+01
      31           0.10000000E+01
      32           0.10000000E+01
      33           0.10000000E+01
      34           0.10000000E+01
      35           0.10000000E+01


 mean eff. in year  18 =  0.10000000E+01




efficiency estimates for year     19 :

     firm             eff.-est.

       1           0.10000000E+01
       2           0.10000000E+01
       3           0.10000000E+01
       4           0.10000000E+01
       5           0.10000000E+01
       6           0.10000000E+01
       7           0.10000000E+01
       8           0.10000000E+01
       9           0.10000000E+01
      10           0.10000000E+01
      11           0.10000000E+01
      12           0.10000000E+01
      13           0.10000000E+01
      14           0.10000000E+01
      15           0.10000000E+01
      16           0.10000000E+01
      17           0.10000000E+01
      18           0.10000000E+01
      19           0.10000000E+01
      20           0.10000000E+01
      21           0.10000000E+01
      22           0.10000000E+01
      23           0.10000000E+01
      24           0.10000000E+01
      25           0.10000000E+01
      26           0.10000000E+01
      27           0.10000000E+01
      28           0.10000000E+01
      29           0.10000000E+01
      30           0.10000000E+01
      31           0.10000000E+01
      32           0.10000000E+01
      33           0.10000000E+01
      34           0.10000000E+01
      35           0.10000000E+01


 mean eff. in year  19 =  0.10000000E+01




efficiency estimates for year     20 :

     firm             eff.-est.

       1           0.10000000E+01
       2           0.10000000E+01
       3           0.10000000E+01
       4           0.10000000E+01
       5           0.10000000E+01
       6           0.10000000E+01
       7           0.10000000E+01
       8           0.10000000E+01
       9           0.10000000E+01
      10           0.10000000E+01
      11           0.10000000E+01
      12           0.10000000E+01
      13           0.10000000E+01
      14           0.10000000E+01
      15           0.10000000E+01
      16           0.10000000E+01
      17           0.10000000E+01
      18           0.10000000E+01
      19           0.10000000E+01
      20           0.10000000E+01
      21           0.10000000E+01
      22           0.10000000E+01
      23           0.10000000E+01
      24           0.10000000E+01
      25           0.10000000E+01
      26           0.10000000E+01
      27           0.10000000E+01
      28           0.10000000E+01
      29           0.10000000E+01
      30           0.10000000E+01
      31           0.10000000E+01
      32           0.10000000E+01
      33           0.10000000E+01
      34           0.10000000E+01
      35           0.10000000E+01


 mean eff. in year  20 =  0.10000000E+01




efficiency estimates for year     21 :

     firm             eff.-est.

       1           0.10000000E+01
       2           0.10000000E+01
       3           0.10000000E+01
       4           0.10000000E+01
       5           0.10000000E+01
       6           0.10000000E+01
       7           0.10000000E+01
       8           0.10000000E+01
       9           0.10000000E+01
      10           0.10000000E+01
      11           0.10000000E+01
      12           0.10000000E+01
      13           0.10000000E+01
      14           0.10000000E+01
      15           0.10000000E+01
      16           0.10000000E+01
      17           0.10000000E+01
      18           0.10000000E+01
      19           0.10000000E+01
      20           0.10000000E+01
      21           0.10000000E+01
      22           0.10000000E+01
      23           0.10000000E+01
      24           0.10000000E+01
      25           0.10000000E+01
      26           0.10000000E+01
      27           0.10000000E+01
      28           0.10000000E+01
      29           0.10000000E+01
      30           0.10000000E+01
      31           0.10000000E+01
      32           0.10000000E+01
      33           0.10000000E+01
      34           0.10000000E+01
      35           0.10000000E+01


 mean eff. in year  21 =  0.10000000E+01




efficiency estimates for year     22 :

     firm             eff.-est.

       1           0.10000000E+01
       2           0.10000000E+01
       3           0.10000000E+01
       4           0.10000000E+01
       5           0.10000000E+01
       6           0.10000000E+01
       7           0.10000000E+01
       8           0.10000000E+01
       9           0.10000000E+01
      10           0.10000000E+01
      11           0.10000000E+01
      12           0.10000000E+01
      13           0.10000000E+01
      14           0.10000000E+01
      15           0.10000000E+01
      16           0.10000000E+01
      17           0.10000000E+01
      18           0.10000000E+01
      19           0.10000000E+01
      20           0.10000000E+01
      21           0.10000000E+01
      22           0.10000000E+01
      23           0.10000000E+01
      24           0.10000000E+01
      25           0.10000000E+01
      26           0.10000000E+01
      27           0.10000000E+01
      28           0.10000000E+01
      29           0.10000000E+01
      30           0.10000000E+01
      31           0.10000000E+01
      32           0.10000000E+01
      33           0.10000000E+01
      34           0.10000000E+01
      35           0.10000000E+01


 mean eff. in year  22 =  0.10000000E+01




efficiency estimates for year     23 :

     firm             eff.-est.

       1           0.10000000E+01
       2           0.10000000E+01
       3           0.10000000E+01
       4           0.10000000E+01
       5           0.10000000E+01
       6           0.10000000E+01
       7           0.10000000E+01
       8           0.10000000E+01
       9           0.10000000E+01
      10           0.10000000E+01
      11           0.10000000E+01
      12           0.10000000E+01
      13           0.10000000E+01
      14           0.10000000E+01
      15           0.10000000E+01
      16           0.10000000E+01
      17           0.10000000E+01
      18           0.10000000E+01
      19           0.10000000E+01
      20           0.10000000E+01
      21           0.10000000E+01
      22           0.10000000E+01
      23           0.10000000E+01
      24           0.10000000E+01
      25           0.10000000E+01
      26           0.10000000E+01
      27           0.10000000E+01
      28           0.10000000E+01
      29           0.10000000E+01
      30           0.10000000E+01
      31           0.10000000E+01
      32           0.10000000E+01
      33           0.10000000E+01
      34           0.10000000E+01
      35           0.10000000E+01


 mean eff. in year  23 =  0.10000000E+01




efficiency estimates for year     24 :

     firm             eff.-est.

       1           0.10000000E+01
       2           0.10000000E+01
       3           0.10000000E+01
       4           0.10000000E+01
       5           0.10000000E+01
       6           0.10000000E+01
       7           0.10000000E+01
       8           0.10000000E+01
       9           0.10000000E+01
      10           0.10000000E+01
      11           0.10000000E+01
      12           0.10000000E+01
      13           0.10000000E+01
      14           0.10000000E+01
      15           0.10000000E+01
      16           0.10000000E+01
      17           0.10000000E+01
      18           0.10000000E+01
      19           0.10000000E+01
      20           0.10000000E+01
      21           0.10000000E+01
      22           0.10000000E+01
      23           0.10000000E+01
      24           0.10000000E+01
      25           0.10000000E+01
      26           0.10000000E+01
      27           0.10000000E+01
      28           0.10000000E+01
      29           0.10000000E+01
      30           0.10000000E+01
      31           0.10000000E+01
      32           0.10000000E+01
      33           0.10000000E+01
      34           0.10000000E+01
      35           0.10000000E+01


 mean eff. in year  24 =  0.10000000E+01




efficiency estimates for year     25 :

     firm             eff.-est.

       1           0.10000000E+01
       2           0.10000000E+01
       3           0.10000000E+01
       4           0.10000000E+01
       5           0.10000000E+01
       6           0.10000000E+01
       7           0.10000000E+01
       8           0.10000000E+01
       9           0.10000000E+01
      10           0.10000000E+01
      11           0.10000000E+01
      12           0.10000000E+01
      13           0.10000000E+01
      14           0.10000000E+01
      15           0.10000000E+01
      16           0.10000000E+01
      17           0.10000000E+01
      18           0.10000000E+01
      19           0.10000000E+01
      20           0.10000000E+01
      21           0.10000000E+01
      22           0.10000000E+01
      23           0.10000000E+01
      24           0.10000000E+01
      25           0.10000000E+01
      26           0.10000000E+01
      27           0.10000000E+01
      28           0.10000000E+01
      29           0.10000000E+01
      30           0.10000000E+01
      31           0.10000000E+01
      32           0.10000000E+01
      33           0.10000000E+01
      34           0.10000000E+01
      35           0.10000000E+01


 mean eff. in year  25 =  0.10000000E+01




efficiency estimates for year     26 :

     firm             eff.-est.

       1           0.10000000E+01
       2           0.10000000E+01
       3           0.10000000E+01
       4           0.10000000E+01
       5           0.10000000E+01
       6           0.10000000E+01
       7           0.10000000E+01
       8           0.10000000E+01
       9           0.10000000E+01
      10           0.10000000E+01
      11           0.10000000E+01
      12           0.10000000E+01
      13           0.10000000E+01
      14           0.10000000E+01
      15           0.10000000E+01
      16           0.10000000E+01
      17           0.10000000E+01
      18           0.10000000E+01
      19           0.10000000E+01
      20           0.10000000E+01
      21           0.10000000E+01
      22           0.10000000E+01
      23           0.10000000E+01
      24           0.10000000E+01
      25           0.10000000E+01
      26           0.10000000E+01
      27           0.10000000E+01
      28           0.10000000E+01
      29           0.10000000E+01
      30           0.10000000E+01
      31           0.10000000E+01
      32           0.10000000E+01
      33           0.10000000E+01
      34           0.10000000E+01
      35           0.10000000E+01


 mean eff. in year  26 =  0.10000000E+01




efficiency estimates for year     27 :

     firm             eff.-est.

       1           0.10000000E+01
       2           0.10000000E+01
       3           0.10000000E+01
       4           0.10000000E+01
       5           0.10000000E+01
       6           0.10000000E+01
       7           0.10000000E+01
       8           0.10000000E+01
       9           0.10000000E+01
      10           0.10000000E+01
      11           0.10000000E+01
      12           0.10000000E+01
      13           0.10000000E+01
      14           0.10000000E+01
      15           0.10000000E+01
      16           0.10000000E+01
      17           0.10000000E+01
      18           0.10000000E+01
      19           0.10000000E+01
      20           0.10000000E+01
      21           0.10000000E+01
      22           0.10000000E+01
      23           0.10000000E+01
      24           0.10000000E+01
      25           0.10000000E+01
      26           0.10000000E+01
      27           0.10000000E+01
      28           0.10000000E+01
      29           0.10000000E+01
      30           0.10000000E+01
      31           0.10000000E+01
      32           0.10000000E+01
      33           0.10000000E+01
      34           0.10000000E+01
      35           0.10000000E+01


 mean eff. in year  27 =  0.10000000E+01




efficiency estimates for year     28 :

     firm             eff.-est.

       1           0.10000000E+01
       2           0.10000000E+01
       3           0.10000000E+01
       4           0.10000000E+01
       5           0.10000000E+01
       6           0.10000000E+01
       7           0.10000000E+01
       8           0.10000000E+01
       9           0.10000000E+01
      10           0.10000000E+01
      11           0.10000000E+01
      12           0.10000000E+01
      13           0.10000000E+01
      14           0.10000000E+01
      15           0.10000000E+01
      16           0.10000000E+01
      17           0.10000000E+01
      18           0.10000000E+01
      19           0.10000000E+01
      20           0.10000000E+01
      21           0.10000000E+01
      22           0.10000000E+01
      23           0.10000000E+01
      24           0.10000000E+01
      25           0.10000000E+01
      26           0.10000000E+01
      27           0.10000000E+01
      28           0.10000000E+01
      29           0.10000000E+01
      30           0.10000000E+01
      31           0.10000000E+01
      32           0.10000000E+01
      33           0.10000000E+01
      34           0.10000000E+01
      35           0.10000000E+01


 mean eff. in year  28 =  0.10000000E+01




efficiency estimates for year     29 :

     firm             eff.-est.

       1           0.55946302E+01
       2           0.47348307E+01
       3           0.10000000E+01
       4           0.72781727E+01
       5           0.10000000E+01
       6           0.10000000E+01
       7           0.68579424E+01
       8           0.10000000E+01
       9           0.82970398E+01
      10           0.13344049E+03
      11           0.11887845E+03
      12           0.27663339E+02
      13           0.10000000E+01
      14           0.75406730E+01
      15           0.14212997E+02
      16           0.33196924E+02
      17           0.62528992E+01
      18           0.67221598E+01
      19           0.35247231E+03
      20           0.10000000E+01
      21           0.96177610E+01
      22           0.10000000E+01
      23           0.19944918E+02
      24           0.13497580E+02
      25           0.32024958E+01
      26           0.41803155E+02
      27           0.10216827E+02
      28           0.10000000E+01
      29           0.17776947E+02
      30           0.14757313E+02
      31           0.75162610E+01
      32           0.34626274E+01
      33           0.10000000E+01
      34           0.20408355E+03
      35           0.58826365E+02


 mean eff. in year  29 =  0.32767104E+02





summary of panel of observations:
(1 = observed, 0 = not observed)

  t:   1   2   3   4   5   6   7   8   9  10  11  12  13  14  15  16  17  18  19  20  21  22  23  24  25  26  27  28  29
   n
   1   1   1   1   1   1   1   1   1   1   1   1   1   1   1   1   1   1   1   1   1   1   1   1   1   1   1   1   1   1  29
   2   1   1   1   1   1   1   1   1   1   1   1   1   1   1   1   1   1   1   1   1   1   1   1   1   1   1   1   1   1  29
   3   1   1   1   1   1   1   1   1   1   1   1   1   1   1   1   1   1   1   1   1   1   1   1   1   1   1   1   1   1  29
   4   1   1   1   1   1   1   1   1   1   1   1   1   1   1   1   1   1   1   1   1   1   1   1   1   1   1   1   1   1  29
   5   1   1   1   1   1   1   1   1   1   1   1   1   1   1   1   1   1   1   1   1   1   1   1   1   1   1   1   1   1  29
   6   1   1   1   1   1   1   1   1   1   1   1   1   1   1   1   1   1   1   1   1   1   1   1   1   1   1   1   1   1  29
   7   1   1   1   1   1   1   1   1   1   1   1   1   1   1   1   1   1   1   1   1   1   1   1   1   1   1   1   1   1  29
   8   1   1   1   1   1   1   1   1   1   1   1   1   1   1   1   1   1   1   1   1   1   1   1   1   1   1   1   1   1  29
   9   1   1   1   1   1   1   1   1   1   1   1   1   1   1   1   1   1   1   1   1   1   1   1   1   1   1   1   1   1  29
  10   1   1   1   1   1   1   1   1   1   1   1   1   1   1   1   1   1   1   1   1   1   1   1   1   1   1   1   1   1  29
  11   1   1   1   1   1   1   1   1   1   1   1   1   1   1   1   1   1   1   1   1   1   1   1   1   1   1   1   1   1  29
  12   1   1   1   1   1   1   1   1   1   1   1   1   1   1   1   1   1   1   1   1   1   1   1   1   1   1   1   1   1  29
  13   1   1   1   1   1   1   1   1   1   1   1   1   1   1   1   1   1   1   1   1   1   1   1   1   1   1   1   1   1  29
  14   1   1   1   1   1   1   1   1   1   1   1   1   1   1   1   1   1   1   1   1   1   1   1   1   1   1   1   1   1  29
  15   1   1   1   1   1   1   1   1   1   1   1   1   1   1   1   1   1   1   1   1   1   1   1   1   1   1   1   1   1  29
  16   1   1   1   1   1   1   1   1   1   1   1   1   1   1   1   1   1   1   1   1   1   1   1   1   1   1   1   1   1  29
  17   1   1   1   1   1   1   1   1   1   1   1   1   1   1   1   1   1   1   1   1   1   1   1   1   1   1   1   1   1  29
  18   1   1   1   1   1   1   1   1   1   1   1   1   1   1   1   1   1   1   1   1   1   1   1   1   1   1   1   1   1  29
  19   1   1   1   1   1   1   1   1   1   1   1   1   1   1   1   1   1   1   1   1   1   1   1   1   1   1   1   1   1  29
  20   1   1   1   1   1   1   1   1   1   1   1   1   1   1   1   1   1   1   1   1   1   1   1   1   1   1   1   1   1  29
  21   1   1   1   1   1   1   1   1   1   1   1   1   1   1   1   1   1   1   1   1   1   1   1   1   1   1   1   1   1  29
  22   1   1   1   1   1   1   1   1   1   1   1   1   1   1   1   1   1   1   1   1   1   1   1   1   1   1   1   1   1  29
  23   1   1   1   1   1   1   1   1   1   1   1   1   1   1   1   1   1   1   1   1   1   1   1   1   1   1   1   1   1  29
  24   1   1   1   1   1   1   1   1   1   1   1   1   1   1   1   1   1   1   1   1   1   1   1   1   1   1   1   1   1  29
  25   1   1   1   1   1   1   1   1   1   1   1   1   1   1   1   1   1   1   1   1   1   1   1   1   1   1   1   1   1  29
  26   1   1   1   1   1   1   1   1   1   1   1   1   1   1   1   1   1   1   1   1   1   1   1   1   1   1   1   1   1  29
  27   1   1   1   1   1   1   1   1   1   1   1   1   1   1   1   1   1   1   1   1   1   1   1   1   1   1   1   1   1  29
  28   1   1   1   1   1   1   1   1   1   1   1   1   1   1   1   1   1   1   1   1   1   1   1   1   1   1   1   1   1  29
  29   1   1   1   1   1   1   1   1   1   1   1   1   1   1   1   1   1   1   1   1   1   1   1   1   1   1   1   1   1  29
  30   1   1   1   1   1   1   1   1   1   1   1   1   1   1   1   1   1   1   1   1   1   1   1   1   1   1   1   1   1  29
  31   1   1   1   1   1   1   1   1   1   1   1   1   1   1   1   1   1   1   1   1   1   1   1   1   1   1   1   1   1  29
  32   1   1   1   1   1   1   1   1   1   1   1   1   1   1   1   1   1   1   1   1   1   1   1   1   1   1   1   1   1  29
  33   1   1   1   1   1   1   1   1   1   1   1   1   1   1   1   1   1   1   1   1   1   1   1   1   1   1   1   1   1  29
  34   1   1   1   1   1   1   1   1   1   1   1   1   1   1   1   1   1   1   1   1   1   1   1   1   1   1   1   1   1  29
  35   1   1   1   1   1   1   1   1   1   1   1   1   1   1   1   1   1   1   1   1   1   1   1   1   1   1   1   1   1  29

      35  35  35  35  35  35  35  35  35  35  35  35  35  35  35  35  35  35  35  35  35  35  35  35  35  35  35  35  351015





