
Output from the program FRONTIER (Version 4.1c)


instruction file = eg1.ins     
data file =        EG1.dta     


 Error Components Frontier (see B&C 1992)
 The model is a cost function
 The dependent variable is not logged


the ols estimates are :

                 coefficient     standard-error    t-ratio

  beta 0         0.14804403E+01  0.50217953E+00  0.29480299E+01
  beta 1         0.15069908E+00  0.34403499E-01  0.43803417E+01
  beta 2         0.15637652E-03  0.65246022E-02  0.23967212E-01
  beta 3        -0.11991769E-01  0.13201498E-02 -0.90836430E+01
  sigma-squared  0.43045969E+01

log likelihood function =  -0.21790080E+04

the estimates after the grid search were :

  beta 0        -0.57603649E+00
  beta 1         0.15069908E+00
  beta 2         0.15637652E-03
  beta 3        -0.11991769E-01
  sigma-squared  0.85167296E+01
  gamma          0.78000000E+00
   mu is restricted to be zero
   eta is restricted to be zero
 
 
 iteration =     0  func evals =     20  llf = -0.18000979E+04
    -0.57603649E+00 0.15069908E+00 0.15637652E-03-0.11991769E-01 0.85167296E+01
     0.78000000E+00
 gradient step
 iteration =     5  func evals =     49  llf = -0.17591367E+04
     0.16782094E+00-0.15694346E+00-0.14531667E-02-0.57845576E-04 0.82321021E+01
     0.80415180E+00
 iteration =    10  func evals =    134  llf = -0.17575974E+04
     0.55424343E+00-0.14537554E+00-0.10490975E-01 0.92605677E-03 0.74512651E+01
     0.77666836E+00
 iteration =    14  func evals =    196  llf = -0.17575968E+04
     0.55113579E+00-0.14603872E+00-0.10376082E-01 0.92400389E-03 0.74175505E+01
     0.77571089E+00


the final mle estimates are :

                 coefficient     standard-error    t-ratio

  beta 0         0.55113579E+00  0.77976112E+00  0.70680082E+00
  beta 1        -0.14603872E+00  0.40039813E-01 -0.36473378E+01
  beta 2        -0.10376082E-01  0.11441794E-01 -0.90685793E+00
  beta 3         0.92400389E-03  0.22142871E-02  0.41729181E+00
  sigma-squared  0.74175505E+01  0.16368402E+01  0.45316279E+01
  gamma          0.77571089E+00  0.50332272E-01  0.15411800E+02
   mu is restricted to be zero
   eta is restricted to be zero

log likelihood function =  -0.17575968E+04

LR test of the one-sided error =   0.84282253E+03
with number of restrictions = 1
 [note that this statistic has a mixed chi-square distribution]

number of iterations =     14

(maximum number of iterations set at :   100)

number of cross-sections =     35

number of time periods =     29

total number of observations =   1015

thus there are:      0  obsns not in the panel


covariance matrix :

  0.60802740E+00  0.11550646E-01 -0.83403643E-02 -0.55058425E-03  0.22897578E+00
  0.74422434E-02
  0.11550646E-01  0.16031866E-02 -0.13065269E-03 -0.46096941E-04 -0.13556454E-01
 -0.43329889E-03
 -0.83403643E-02 -0.13065269E-03  0.13091465E-03  0.52348957E-06 -0.61195982E-02
 -0.19489817E-03
 -0.55058425E-03 -0.46096941E-04  0.52348957E-06  0.49030676E-05  0.10198204E-02
  0.32174088E-04
  0.22897578E+00 -0.13556454E-01 -0.61195982E-02  0.10198204E-02  0.26792457E+01
  0.80693346E-01
  0.74422434E-02 -0.43329889E-03 -0.19489817E-03  0.32174088E-04  0.80693346E-01
  0.25333376E-02



cost efficiency estimates :


     firm             eff.-est.

       1           0.10000000E+01
       2           0.10000000E+01
       3           0.10000000E+01
       4           0.10000000E+01
       5           0.10000000E+01
       6           0.10000000E+01
       7           0.10000000E+01
       8           0.10000000E+01
       9           0.10000000E+01
      10           0.10000000E+01
      11           0.10000000E+01
      12           0.10000000E+01
      13           0.10000000E+01
      14           0.10000000E+01
      15           0.10000000E+01
      16           0.10000000E+01
      17           0.10000000E+01
      18           0.10000000E+01
      19           0.10000000E+01
      20           0.10000000E+01
      21           0.10000000E+01
      22           0.10000000E+01
      23           0.10000000E+01
      24           0.10000000E+01
      25           0.10000000E+01
      26           0.10000000E+01
      27           0.10000000E+01
      28           0.10000000E+01
      29           0.10000000E+01
      30           0.10000000E+01
      31           0.10000000E+01
      32           0.10000000E+01
      33           0.10000000E+01
      34           0.10000000E+01
      35           0.10000000E+01


 mean efficiency =   0.10000000E+01







summary of panel of observations:
(1 = observed, 0 = not observed)

  t:   1   2   3   4   5   6   7   8   9  10  11  12  13  14  15  16  17  18  19  20  21  22  23  24  25  26  27  28  29
   n
   1   1   1   1   1   1   1   1   1   1   1   1   1   1   1   1   1   1   1   1   1   1   1   1   1   1   1   1   1   1  29
   2   1   1   1   1   1   1   1   1   1   1   1   1   1   1   1   1   1   1   1   1   1   1   1   1   1   1   1   1   1  29
   3   1   1   1   1   1   1   1   1   1   1   1   1   1   1   1   1   1   1   1   1   1   1   1   1   1   1   1   1   1  29
   4   1   1   1   1   1   1   1   1   1   1   1   1   1   1   1   1   1   1   1   1   1   1   1   1   1   1   1   1   1  29
   5   1   1   1   1   1   1   1   1   1   1   1   1   1   1   1   1   1   1   1   1   1   1   1   1   1   1   1   1   1  29
   6   1   1   1   1   1   1   1   1   1   1   1   1   1   1   1   1   1   1   1   1   1   1   1   1   1   1   1   1   1  29
   7   1   1   1   1   1   1   1   1   1   1   1   1   1   1   1   1   1   1   1   1   1   1   1   1   1   1   1   1   1  29
   8   1   1   1   1   1   1   1   1   1   1   1   1   1   1   1   1   1   1   1   1   1   1   1   1   1   1   1   1   1  29
   9   1   1   1   1   1   1   1   1   1   1   1   1   1   1   1   1   1   1   1   1   1   1   1   1   1   1   1   1   1  29
  10   1   1   1   1   1   1   1   1   1   1   1   1   1   1   1   1   1   1   1   1   1   1   1   1   1   1   1   1   1  29
  11   1   1   1   1   1   1   1   1   1   1   1   1   1   1   1   1   1   1   1   1   1   1   1   1   1   1   1   1   1  29
  12   1   1   1   1   1   1   1   1   1   1   1   1   1   1   1   1   1   1   1   1   1   1   1   1   1   1   1   1   1  29
  13   1   1   1   1   1   1   1   1   1   1   1   1   1   1   1   1   1   1   1   1   1   1   1   1   1   1   1   1   1  29
  14   1   1   1   1   1   1   1   1   1   1   1   1   1   1   1   1   1   1   1   1   1   1   1   1   1   1   1   1   1  29
  15   1   1   1   1   1   1   1   1   1   1   1   1   1   1   1   1   1   1   1   1   1   1   1   1   1   1   1   1   1  29
  16   1   1   1   1   1   1   1   1   1   1   1   1   1   1   1   1   1   1   1   1   1   1   1   1   1   1   1   1   1  29
  17   1   1   1   1   1   1   1   1   1   1   1   1   1   1   1   1   1   1   1   1   1   1   1   1   1   1   1   1   1  29
  18   1   1   1   1   1   1   1   1   1   1   1   1   1   1   1   1   1   1   1   1   1   1   1   1   1   1   1   1   1  29
  19   1   1   1   1   1   1   1   1   1   1   1   1   1   1   1   1   1   1   1   1   1   1   1   1   1   1   1   1   1  29
  20   1   1   1   1   1   1   1   1   1   1   1   1   1   1   1   1   1   1   1   1   1   1   1   1   1   1   1   1   1  29
  21   1   1   1   1   1   1   1   1   1   1   1   1   1   1   1   1   1   1   1   1   1   1   1   1   1   1   1   1   1  29
  22   1   1   1   1   1   1   1   1   1   1   1   1   1   1   1   1   1   1   1   1   1   1   1   1   1   1   1   1   1  29
  23   1   1   1   1   1   1   1   1   1   1   1   1   1   1   1   1   1   1   1   1   1   1   1   1   1   1   1   1   1  29
  24   1   1   1   1   1   1   1   1   1   1   1   1   1   1   1   1   1   1   1   1   1   1   1   1   1   1   1   1   1  29
  25   1   1   1   1   1   1   1   1   1   1   1   1   1   1   1   1   1   1   1   1   1   1   1   1   1   1   1   1   1  29
  26   1   1   1   1   1   1   1   1   1   1   1   1   1   1   1   1   1   1   1   1   1   1   1   1   1   1   1   1   1  29
  27   1   1   1   1   1   1   1   1   1   1   1   1   1   1   1   1   1   1   1   1   1   1   1   1   1   1   1   1   1  29
  28   1   1   1   1   1   1   1   1   1   1   1   1   1   1   1   1   1   1   1   1   1   1   1   1   1   1   1   1   1  29
  29   1   1   1   1   1   1   1   1   1   1   1   1   1   1   1   1   1   1   1   1   1   1   1   1   1   1   1   1   1  29
  30   1   1   1   1   1   1   1   1   1   1   1   1   1   1   1   1   1   1   1   1   1   1   1   1   1   1   1   1   1  29
  31   1   1   1   1   1   1   1   1   1   1   1   1   1   1   1   1   1   1   1   1   1   1   1   1   1   1   1   1   1  29
  32   1   1   1   1   1   1   1   1   1   1   1   1   1   1   1   1   1   1   1   1   1   1   1   1   1   1   1   1   1  29
  33   1   1   1   1   1   1   1   1   1   1   1   1   1   1   1   1   1   1   1   1   1   1   1   1   1   1   1   1   1  29
  34   1   1   1   1   1   1   1   1   1   1   1   1   1   1   1   1   1   1   1   1   1   1   1   1   1   1   1   1   1  29
  35   1   1   1   1   1   1   1   1   1   1   1   1   1   1   1   1   1   1   1   1   1   1   1   1   1   1   1   1   1  29

      35  35  35  35  35  35  35  35  35  35  35  35  35  35  35  35  35  35  35  35  35  35  35  35  35  35  35  35  351015





